<?xml version="1.0" encoding="UTF-8"?>
<!-- Generated by org.testng.reporters.JUnitXMLReporter -->
<testsuite ignored="2" hostname="Trantor-LP452" failures="0" tests="3" name="Chrome_Browser_Suite" time="28.876" errors="0" timestamp="2024-07-31T22:19:07 IST">
  <testcase classname="com.mystore.testcases.LoginPageTest" name="loginTest" time="2.99"/>
  <testcase classname="com.mystore.testcases.IndexPageTest" name="verifyLogo" time="0.11"/>
  <testcase classname="com.mystore.testcases.IndexPageTest" name="verifyTitle" time="0.012"/>
  <testcase classname="com.mystore.base.BaseClass" name="@BeforeSuite BeforeSuite" time="0.0">
    <ignored/>
  </testcase> <!-- @BeforeSuite BeforeSuite -->
  <testcase classname="com.mystore.base.BaseClass" name="@BeforeTest loadConfig" time="0.0">
    <ignored/>
  </testcase> <!-- @BeforeTest loadConfig -->
</testsuite> <!-- Chrome_Browser_Suite -->
