<?xml version="1.0" encoding="UTF-8"?>
<testng-results ignored="8" total="14" passed="6" failed="0" skipped="0">
  <reporter-output>
  </reporter-output>
  <suite started-at="2024-08-01T11:11:36 IST" name="Suite" finished-at="2024-08-01T11:12:29 IST" duration-ms="53761">
    <groups>
      <group name="Sanity">
        <method signature="AccountCreationPageTest.verifyCreateAccount()[pri:0, instance:com.mystore.testcases.AccountCreationPageTest@2a65fe7c]" name="verifyCreateAccount" class="com.mystore.testcases.AccountCreationPageTest"/>
        <method signature="LoginPageTest.loginTest(java.lang.String,java.lang.String)[pri:0, instance:com.mystore.testcases.LoginPageTest@3023df74]" name="loginTest" class="com.mystore.testcases.LoginPageTest"/>
      </group> <!-- Sanity -->
      <group name="Smoke">
        <method signature="HomePageTest.VerifyOrderHistoryAndDetails()[pri:0, instance:com.mystore.testcases.HomePageTest@4562e04d]" name="VerifyOrderHistoryAndDetails" class="com.mystore.testcases.HomePageTest"/>
        <method signature="IndexPageTest.verifyLogo()[pri:0, instance:com.mystore.testcases.IndexPageTest@351d00c0]" name="verifyLogo" class="com.mystore.testcases.IndexPageTest"/>
        <method signature="IndexPageTest.verifyTitle()[pri:0, instance:com.mystore.testcases.IndexPageTest@351d00c0]" name="verifyTitle" class="com.mystore.testcases.IndexPageTest"/>
        <method signature="LoginPageTest.loginTest(java.lang.String,java.lang.String)[pri:0, instance:com.mystore.testcases.LoginPageTest@3023df74]" name="loginTest" class="com.mystore.testcases.LoginPageTest"/>
        <method signature="SearchResultPageTest.productAvailabilityTest()[pri:0, instance:com.mystore.testcases.SearchResultPageTest@313ac989]" name="productAvailabilityTest" class="com.mystore.testcases.SearchResultPageTest"/>
      </group> <!-- Smoke -->
    </groups>
    <test started-at="2024-08-01T11:11:36 IST" name="Test_All" finished-at="2024-08-01T11:12:29 IST" duration-ms="53761">
      <class name="com.mystore.testcases.AccountCreationPageTest">
        <test-method is-config="true" signature="setup(java.lang.String)[pri:0, instance:com.mystore.testcases.AccountCreationPageTest@2a65fe7c]" started-at="2024-08-01T11:12:20 IST" name="setup" finished-at="2024-08-01T11:12:26 IST" duration-ms="5897" status="PASS">
          <params>
            <param index="0">
              <value>
                <![CDATA[Chrome]]>
              </value>
            </param>
          </params>
          <reporter-output>
          </reporter-output>
        </test-method> <!-- setup -->
        <test-method signature="verifyCreateAccount()[pri:0, instance:com.mystore.testcases.AccountCreationPageTest@2a65fe7c]" started-at="2024-08-01T11:12:26 IST" name="verifyCreateAccount" finished-at="2024-08-01T11:12:29 IST" duration-ms="2582" status="PASS">
          <reporter-output>
          </reporter-output>
        </test-method> <!-- verifyCreateAccount -->
        <test-method is-config="true" signature="tearDown()[pri:0, instance:com.mystore.testcases.AccountCreationPageTest@2a65fe7c]" started-at="2024-08-01T11:12:29 IST" name="tearDown" finished-at="2024-08-01T11:12:29 IST" duration-ms="638" status="PASS">
          <reporter-output>
          </reporter-output>
        </test-method> <!-- tearDown -->
      </class> <!-- com.mystore.testcases.AccountCreationPageTest -->
      <class name="com.mystore.testcases.SearchResultPageTest">
        <test-method is-config="true" signature="setup(java.lang.String)[pri:0, instance:com.mystore.testcases.SearchResultPageTest@313ac989]" started-at="2024-08-01T11:12:00 IST" name="setup" finished-at="2024-08-01T11:12:06 IST" duration-ms="5990" status="PASS">
          <params>
            <param index="0">
              <value>
                <![CDATA[Chrome]]>
              </value>
            </param>
          </params>
          <reporter-output>
          </reporter-output>
        </test-method> <!-- setup -->
        <test-method signature="productAvailabilityTest()[pri:0, instance:com.mystore.testcases.SearchResultPageTest@313ac989]" started-at="2024-08-01T11:12:06 IST" name="productAvailabilityTest" finished-at="2024-08-01T11:12:11 IST" duration-ms="4120" status="PASS">
          <reporter-output>
          </reporter-output>
        </test-method> <!-- productAvailabilityTest -->
        <test-method is-config="true" signature="tearDown()[pri:0, instance:com.mystore.testcases.SearchResultPageTest@313ac989]" started-at="2024-08-01T11:12:11 IST" name="tearDown" finished-at="2024-08-01T11:12:11 IST" duration-ms="645" status="PASS">
          <reporter-output>
          </reporter-output>
        </test-method> <!-- tearDown -->
      </class> <!-- com.mystore.testcases.SearchResultPageTest -->
      <class name="com.mystore.testcases.IndexPageTest">
        <test-method is-config="true" signature="loadConfig()[pri:0, instance:com.mystore.testcases.IndexPageTest@351d00c0]" started-at="2024-08-01T11:11:35 IST" name="loadConfig" finished-at="2024-08-01T11:11:36 IST" duration-ms="205" status="PASS">
          <reporter-output>
          </reporter-output>
        </test-method> <!-- loadConfig -->
        <test-method is-config="true" signature="setup(java.lang.String)[pri:0, instance:com.mystore.testcases.IndexPageTest@351d00c0]" started-at="2024-08-01T11:11:36 IST" name="setup" finished-at="2024-08-01T11:11:43 IST" duration-ms="7222" status="PASS">
          <params>
            <param index="0">
              <value>
                <![CDATA[Chrome]]>
              </value>
            </param>
          </params>
          <reporter-output>
          </reporter-output>
        </test-method> <!-- setup -->
        <test-method signature="verifyLogo()[pri:0, instance:com.mystore.testcases.IndexPageTest@351d00c0]" started-at="2024-08-01T11:11:43 IST" name="verifyLogo" finished-at="2024-08-01T11:11:43 IST" duration-ms="111" status="PASS">
          <reporter-output>
          </reporter-output>
        </test-method> <!-- verifyLogo -->
        <test-method is-config="true" signature="tearDown()[pri:0, instance:com.mystore.testcases.IndexPageTest@351d00c0]" started-at="2024-08-01T11:11:43 IST" name="tearDown" finished-at="2024-08-01T11:11:44 IST" duration-ms="653" status="PASS">
          <reporter-output>
          </reporter-output>
        </test-method> <!-- tearDown -->
        <test-method is-config="true" signature="setup(java.lang.String)[pri:0, instance:com.mystore.testcases.IndexPageTest@351d00c0]" started-at="2024-08-01T11:11:44 IST" name="setup" finished-at="2024-08-01T11:11:49 IST" duration-ms="5842" status="PASS">
          <params>
            <param index="0">
              <value>
                <![CDATA[Chrome]]>
              </value>
            </param>
          </params>
          <reporter-output>
          </reporter-output>
        </test-method> <!-- setup -->
        <test-method signature="verifyTitle()[pri:0, instance:com.mystore.testcases.IndexPageTest@351d00c0]" started-at="2024-08-01T11:11:49 IST" name="verifyTitle" finished-at="2024-08-01T11:11:49 IST" duration-ms="12" status="PASS">
          <reporter-output>
          </reporter-output>
        </test-method> <!-- verifyTitle -->
        <test-method is-config="true" signature="tearDown()[pri:0, instance:com.mystore.testcases.IndexPageTest@351d00c0]" started-at="2024-08-01T11:11:49 IST" name="tearDown" finished-at="2024-08-01T11:11:50 IST" duration-ms="650" status="PASS">
          <reporter-output>
          </reporter-output>
        </test-method> <!-- tearDown -->
        <test-method is-config="true" signature="afterSuite()[pri:0, instance:com.mystore.testcases.IndexPageTest@351d00c0]" started-at="2024-08-01T11:12:29 IST" name="afterSuite" finished-at="2024-08-01T11:12:30 IST" duration-ms="361" status="PASS">
          <reporter-output>
          </reporter-output>
        </test-method> <!-- afterSuite -->
      </class> <!-- com.mystore.testcases.IndexPageTest -->
      <class name="com.mystore.testcases.HomePageTest">
        <test-method is-config="true" signature="setup(java.lang.String)[pri:0, instance:com.mystore.testcases.HomePageTest@4562e04d]" started-at="2024-08-01T11:12:11 IST" name="setup" finished-at="2024-08-01T11:12:17 IST" duration-ms="5747" status="PASS">
          <params>
            <param index="0">
              <value>
                <![CDATA[Chrome]]>
              </value>
            </param>
          </params>
          <reporter-output>
          </reporter-output>
        </test-method> <!-- setup -->
        <test-method signature="VerifyOrderHistoryAndDetails()[pri:0, instance:com.mystore.testcases.HomePageTest@4562e04d]" started-at="2024-08-01T11:12:17 IST" name="VerifyOrderHistoryAndDetails" finished-at="2024-08-01T11:12:20 IST" duration-ms="2583" status="PASS">
          <reporter-output>
          </reporter-output>
        </test-method> <!-- VerifyOrderHistoryAndDetails -->
        <test-method is-config="true" signature="tearDown()[pri:0, instance:com.mystore.testcases.HomePageTest@4562e04d]" started-at="2024-08-01T11:12:20 IST" name="tearDown" finished-at="2024-08-01T11:12:20 IST" duration-ms="661" status="PASS">
          <reporter-output>
          </reporter-output>
        </test-method> <!-- tearDown -->
      </class> <!-- com.mystore.testcases.HomePageTest -->
      <class name="com.mystore.testcases.LoginPageTest">
        <test-method is-config="true" signature="setup(java.lang.String)[pri:0, instance:com.mystore.testcases.LoginPageTest@3023df74]" started-at="2024-08-01T11:11:51 IST" name="setup" finished-at="2024-08-01T11:11:56 IST" duration-ms="5910" status="PASS">
          <params>
            <param index="0">
              <value>
                <![CDATA[Chrome]]>
              </value>
            </param>
          </params>
          <reporter-output>
          </reporter-output>
        </test-method> <!-- setup -->
        <test-method signature="loginTest(java.lang.String,java.lang.String)[pri:0, instance:com.mystore.testcases.LoginPageTest@3023df74]" started-at="2024-08-01T11:11:56 IST" name="loginTest" data-provider="credentials" finished-at="2024-08-01T11:12:00 IST" duration-ms="3341" status="PASS">
          <params>
            <param index="0">
              <value>
                <![CDATA[001ksb@gmail.com]]>
              </value>
            </param>
            <param index="1">
              <value>
                <![CDATA[admin@123]]>
              </value>
            </param>
          </params>
          <reporter-output>
          </reporter-output>
        </test-method> <!-- loginTest -->
        <test-method is-config="true" signature="tearDown()[pri:0, instance:com.mystore.testcases.LoginPageTest@3023df74]" started-at="2024-08-01T11:12:00 IST" name="tearDown" finished-at="2024-08-01T11:12:00 IST" duration-ms="665" status="PASS">
          <reporter-output>
          </reporter-output>
        </test-method> <!-- tearDown -->
      </class> <!-- com.mystore.testcases.LoginPageTest -->
    </test> <!-- Test_All -->
  </suite> <!-- Suite -->
</testng-results>
